JUnit version 4.13.2
.E...E
Time: 0.512
There were 2 failures:
1) testMergeRightEnd(TestListExamples)
org.junit.runners.model.TestTimedOutException: test timed out after 500 milliseconds
	at ListExamples.merge(ListExamples.java:43)
	at TestListExamples.testMergeRightEnd(TestListExamples.java:17)
2) testFilterMultiMoon(TestListExamples)
java.lang.AssertionError: expected:<[moon, MOON, mOoN]> but was:<[mOoN, MOON, moon]>
	at org.junit.Assert.fail(Assert.java:89)
	at org.junit.Assert.failNotEquals(Assert.java:835)
	at org.junit.Assert.assertEquals(Assert.java:120)
	at org.junit.Assert.assertEquals(Assert.java:146)
	at TestListExamples.testFilterMultiMoon(TestListExamples.java:46)

FAILURES!!!
Tests run: 4,  Failures: 2

